C51 COMPILER V8.02   DEMOOSDVIEW                                                           08/07/2015 16:22:31 PAGE 1   


C51 COMPILER V8.02, COMPILATION OF MODULE DEMOOSDVIEW
OBJECT MODULE PLACED IN .\Bin\ADS\AXI\104N\DemoOSDView.obj
COMPILER INVOKED BY: C:\Keil\C51\BIN\C51.EXE App\OSD\DemoOSDView.c LARGE OPTIMIZE(9,SPEED) BROWSE INCDIR(.\App;.\App\OSD
                    -;.\App\User;.\Lib;.\Lib\NT68655_770_850 Series;.\Lib\ScalerCfg;.\Phy\Panel;.\Phy\SI\NVT\Board;.\Phy\SI\NVT\Component;.\P
                    -hy\SI\NVT\Keypad;.\Sys;.\Sys\SI\NVT) DEFINE(SCALER_TYPE=NT68857,NT68857_DEMO,FLASH_BANK=4,X_ADS,X215) PRINT(.\Lst\DemoOS
                    -DView.lst) OBJECT(.\Bin\ADS\AXI\104N\DemoOSDView.obj)

line level    source

   1          /******************************************************************************/
   2          /*                       Novatek MicroElectronics Corp.                       */
   3          /*       6F, No. 1-2, Innovation Road I, Science-Based Industrial Park,       */
   4          /*                         HsinChu 300, Taiwan, R.O.C.                        */
   5          /*                 TEL:886-3-567-0889       FAX:886-3-577-0132                */
   6          /*                            All Rights Reserved                             */
   7          /******************************************************************************/
   8          
   9          //******************************************************************************
  10          // I N C L U D E   F I L E S
  11          //******************************************************************************
  12          #include "Include.h"
  13          
  14          //******************************************************************************
  15          // M A C R O   D E F I N I T I O N S
  16          //******************************************************************************
  17          enum OSD_DEMO {
  18              mdDFR,
  19              mdSR,
  20          };
  21          
  22          typedef struct _DLIGHTBAR_ {
  23              UCHAR x;
  24              UCHAR y;
  25              UCHAR len;
  26          } DLightBar ;
  27          
  28          //******************************************************************************
  29          // G L O B A L   V A R I A B L E S
  30          //******************************************************************************
  31          
  32          //******************************************************************************
  33          // S T A T I C   V A R I A B L E S
  34          //******************************************************************************
  35          static code UCHAR ucDFRText[]={3,"DFR"};
  36          static code UCHAR ucSRText[]={2,"SR"};
  37          static code UCHAR ucYesText[]={3,"YES"};
  38          static code UCHAR ucNoText[]={2,"NO"};
  39          
  40          
  41          code DLightBar DLBar[] = {
  42              {0, 4,7},
  43              {0, 5,7},
  44          };
  45          static xdata UCHAR ucDemoIndex;
  46          
  47          #define dDFRAddress 0xF8
  48          #define dSRAddress   dDFRAddress+3
  49          //******************************************************************************
  50          // E X T E R N A L   V A R I A B L E   P R O T O T Y P E S
  51          //******************************************************************************
  52          
C51 COMPILER V8.02   DEMOOSDVIEW                                                           08/07/2015 16:22:31 PAGE 2   

  53          //******************************************************************************
  54          // S T A T I C   F U N C T I O N   P R O T O T Y P E S
  55          //******************************************************************************
  56          static void DemoSelect(void);
  57          static void DemoUnSelect(void);
  58          static void DemoShowDFR(void);
  59          static void DemoShowSR(void);
  60          static void DemoSelectValue(void);
  61          static void DemoUnSelectValue(void);
  62          static void DemoSetValue(void);
  63          
  64          //******************************************************************************
  65          // E X T E R N A L   F U N C T I O N   P R O T O T Y P E S
  66          //******************************************************************************
  67          
  68          
  69          
  70          //******************************************************************************
  71          // Prototype:
  72          //  void OSDShowDemo(void)
  73          // Parameters:
  74          //  None
  75          // Return:
  76          //  None
  77          // Purpose:
  78          //  Show Factory OSD
  79          // Notes:
  80          //  None
  81          //******************************************************************************
  82          void OSDShowDemo(void)
  83          {
  84   1          OSDAPI_TurnOffOSD();
  85   1          OSDInitFrame(OSD_DEMO_W,OSD_DEMO_H,DEMO_FRAME_COLOR);
  86   1          OSDAPI_SetPosition(1,98);
  87   1          // ----------------------------------------
  88   1      
  89   1          OSDAPI_SetIndentIndex(32);
  90   1          OSDAPI_SetAlignType(OSD_ALIGN_LEFT);
  91   1      
  92   1          OSDAPI_ShowIndentString(FALSE, DLBar[mdDFR].x, DLBar[mdDFR].y,1,ucDFRText);
  93   1          OSDAPI_ShowIndentString(FALSE, DLBar[mdSR].x, DLBar[mdSR].y,1,ucSRText);    
  94   1          DemoShowDFR();
  95   1          DemoShowSR();
  96   1              
  97   1          DemoSelect();
  98   1          OSDTurnOnOSD();
  99   1      }
 100          //******************************************************************************
 101          // Prototype:
 102          //  void OSDDemoUp(void)
 103          // Parameters:
 104          //  None
 105          // Return:
 106          //  None
 107          // Purpose:
 108          //  None
 109          // Notes:
 110          //  None
 111          //******************************************************************************
 112          void OSDDemoUp(void)
 113          {
 114   1          DemoUnSelect();
C51 COMPILER V8.02   DEMOOSDVIEW                                                           08/07/2015 16:22:31 PAGE 3   

 115   1          if(--ucDemoIndex > mdSR)
 116   1              ucDemoIndex = mdSR;
 117   1          DemoSelect();
 118   1      
 119   1      }
 120          
 121          //******************************************************************************
 122          // Prototype:
 123          //  void OSDDemoDown(void)
 124          // Parameters:
 125          //  None
 126          // Return:
 127          //  None
 128          // Purpose:
 129          //  None
 130          // Notes:
 131          //  None
 132          //******************************************************************************
 133          void OSDDemoDown(void)
 134          {
 135   1          DemoUnSelect();
 136   1          if(++ucDemoIndex > mdSR)
 137   1              ucDemoIndex = mdDFR;
 138   1          DemoSelect();
 139   1      
 140   1      
 141   1      }
 142          //******************************************************************************
 143          // Prototype:
 144          //  void DemoSelect(void)
 145          // Parameters:
 146          //  None
 147          // Return:
 148          //  None
 149          // Purpose:
 150          //  None
 151          // Notes:
 152          //  None
 153          //******************************************************************************
 154          void DemoSelect(void)
 155          {
 156   1          OSDAPI_FillLineAttr(DLBar[ucDemoIndex].x, DLBar[ucDemoIndex].y,
 157   1                              DLBar[ucDemoIndex].len,DEMO_ITEM_COLOR);
 158   1      }
 159          //******************************************************************************
 160          // Prototype:
 161          //  void DemoUnSelect(void)
 162          // Parameters:
 163          //  None
 164          // Return:
 165          //  None
 166          // Purpose:
 167          //  None
 168          // Notes:
 169          //  None
 170          //******************************************************************************
 171          void DemoUnSelect(void)
 172          {
 173   1          OSDAPI_FillLineAttr(DLBar[ucDemoIndex].x, DLBar[ucDemoIndex].y,
 174   1                              DLBar[ucDemoIndex].len,DEMO_FRAME_COLOR);
 175   1      }
 176          //******************************************************************************
C51 COMPILER V8.02   DEMOOSDVIEW                                                           08/07/2015 16:22:31 PAGE 4   

 177          // Prototype:
 178          //  void DemoShowDFR(void)
 179          // Parameters:
 180          //  None
 181          // Return:
 182          //  None
 183          // Purpose:
 184          //  None
 185          // Notes:
 186          //  None
 187          //******************************************************************************
 188          void DemoShowDFR(void)
 189          {
 190   1          OSDAPI_SetIndentIndex(dDFRAddress);
 191   1          OSDAPI_SetAlignType(OSD_ALIGN_LEFT);
 192   1          if (SystemData.bDFR == 1)
 193   1              OSDAPI_ShowIndentString(FALSE, DLBar[mdDFR].x+8,DLBar[mdDFR].y, 3, ucYesText);
 194   1          else
 195   1              OSDAPI_ShowIndentString(FALSE,DLBar[mdDFR].x+8, DLBar[mdDFR].y, 3, ucNoText);
 196   1      }
 197          //******************************************************************************
 198          // Prototype:
 199          //  void DemoShowSR(void)
 200          // Parameters:
 201          //  None
 202          // Return:
 203          //  None
 204          // Purpose:
 205          //  None
 206          // Notes:
 207          //  None
 208          //******************************************************************************
 209          void DemoShowSR(void)
 210          {
 211   1          OSDAPI_SetIndentIndex(dSRAddress);
 212   1          OSDAPI_SetAlignType(OSD_ALIGN_LEFT);
 213   1          if (SystemData.bSR == 1)
 214   1              OSDAPI_ShowIndentString(FALSE, DLBar[mdSR].x+8,DLBar[mdSR].y, 3, ucYesText);
 215   1          else
 216   1              OSDAPI_ShowIndentString(FALSE,DLBar[mdSR].x+8, DLBar[mdSR].y, 3, ucNoText);
 217   1      }
 218          //******************************************************************************
 219          // Prototype:
 220          //  void OSDDemoEnterItm(void)
 221          // Parameters:
 222          //  None
 223          // Return:
 224          //  None
 225          // Purpose:
 226          //  None
 227          // Notes:
 228          //  None
 229          //******************************************************************************
 230          void OSDDemoEnterItm(void)
 231          {
 232   1              DemoUnSelect();
 233   1              DemoSelectValue();
 234   1      }
 235          //******************************************************************************
 236          // Prototype:
 237          //  void DemoSelectValue(void)
 238          // Parameters:
C51 COMPILER V8.02   DEMOOSDVIEW                                                           08/07/2015 16:22:31 PAGE 5   

 239          //  None
 240          // Return:
 241          //  None
 242          // Purpose:
 243          //  None
 244          // Notes:
 245          //  None
 246          //******************************************************************************
 247          void DemoSelectValue(void)
 248          {
 249   1          if ((ucDemoIndex == mdDFR) || (ucDemoIndex == mdSR)) {
 250   2              OSDAPI_FillLineAttr(DLBar[ucDemoIndex].x+DLBar[ucDemoIndex].len,
 251   2                                  DLBar[ucDemoIndex].y,
 252   2                                  5, DEMO_ITEM_COLOR);
 253   2          }
 254   1      }
 255          //******************************************************************************
 256          // Prototype:
 257          //  void DemoUnSelectValue(void)
 258          // Parameters:
 259          //  None
 260          // Return:
 261          //  None
 262          // Purpose:
 263          //  None
 264          // Notes:
 265          //  None
 266          //******************************************************************************
 267          void DemoUnSelectValue(void)
 268          {
 269   1          if ((ucDemoIndex == mdDFR) || (ucDemoIndex == mdSR)) {
 270   2              OSDAPI_FillLineAttr(DLBar[ucDemoIndex].x+DLBar[ucDemoIndex].len,
 271   2                                  DLBar[ucDemoIndex].y,
 272   2                                  5, DEMO_FRAME_COLOR);
 273   2          }
 274   1      }
 275          //******************************************************************************
 276          // Prototype:
 277          //  void OSDDemoExitItm(void)
 278          // Parameters:
 279          //  None
 280          // Return:
 281          //  None
 282          // Purpose:
 283          //  None
 284          // Notes:
 285          //  None
 286          //******************************************************************************
 287          void OSDDemoExitItm(void)
 288          {
 289   1          DemoUnSelectValue();
 290   1          DemoSelect();
 291   1      }
 292          //******************************************************************************
 293          // Prototype:
 294          //  void OSDDemoExitItm(void)
 295          // Parameters:
 296          //  None
 297          // Return:
 298          //  None
 299          // Purpose:
 300          //  None
C51 COMPILER V8.02   DEMOOSDVIEW                                                           08/07/2015 16:22:31 PAGE 6   

 301          // Notes:
 302          //  None
 303          //******************************************************************************
 304          void OSDDemoItmUp(void)
 305          {
 306   1          switch(ucDemoIndex) {
 307   2              case mdDFR:
 308   2                  SystemData.bDFR= ~SystemData.bDFR;
 309   2                  DemoShowDFR();
 310   2                  break;
 311   2              case mdSR:
 312   2                  SystemData.bSR= ~SystemData.bSR;
 313   2                  DemoShowSR();
 314   2                  break;
 315   2              default:break;
 316   2          }
 317   1          DemoSetValue();
 318   1      }
 319          //******************************************************************************
 320          // Prototype:
 321          //  void OSDDemoExitItm(void)
 322          // Parameters:
 323          //  None
 324          // Return:
 325          //  None
 326          // Purpose:
 327          //  None
 328          // Notes:
 329          //  None
 330          //******************************************************************************
 331          void OSDDemoItmDown(void)
 332          {
 333   1          switch(ucDemoIndex) {
 334   2              case mdDFR:
 335   2                  SystemData.bDFR= ~SystemData.bDFR;
 336   2                  DemoShowDFR();
 337   2                  break;
 338   2              case mdSR:
 339   2                  SystemData.bSR= ~SystemData.bSR;
 340   2                  DemoShowSR();
 341   2                  break;
 342   2              default:break;
 343   2          }
 344   1          DemoSetValue();
 345   1      }
 346          //******************************************************************************
 347          // Prototype:
 348          //  void DemoSetValue(void)
 349          // Parameters:
 350          //  None
 351          // Return:
 352          //  None
 353          // Purpose:
 354          //  None
 355          // Notes:
 356          //  None
 357          //******************************************************************************
 358          void DemoSetValue(void)
 359          {
 360   1          switch(ucDemoIndex) {
 361   2              case mdDFR:
 362   2                  break;
C51 COMPILER V8.02   DEMOOSDVIEW                                                           08/07/2015 16:22:31 PAGE 7   

 363   2               case mdSR:
 364   2                   break;
 365   2               default:break;
 366   2          }
 367   1      }
 368          


MODULE INFORMATION:   STATIC OVERLAYABLE
   CODE SIZE        =    599    ----
   CONSTANT SIZE    =     24    ----
   XDATA SIZE       =      7    ----
   PDATA SIZE       =   ----    ----
   DATA SIZE        =   ----    ----
   IDATA SIZE       =   ----    ----
   BIT SIZE         =   ----    ----
END OF MODULE INFORMATION.


C51 COMPILATION COMPLETE.  0 WARNING(S),  0 ERROR(S)
