C51 COMPILER V8.02   OD                                                                    08/07/2015 16:22:30 PAGE 1   


C51 COMPILER V8.02, COMPILATION OF MODULE OD
OBJECT MODULE PLACED IN .\Bin\ADS\AXI\104N\OD.obj
COMPILER INVOKED BY: C:\Keil\C51\BIN\C51.EXE App\OD.c LARGE OPTIMIZE(9,SPEED) BROWSE INCDIR(.\App;.\App\OSD;.\App\User;.
                    -\Lib;.\Lib\NT68655_770_850 Series;.\Lib\ScalerCfg;.\Phy\Panel;.\Phy\SI\NVT\Board;.\Phy\SI\NVT\Component;.\Phy\SI\NVT\Key
                    -pad;.\Sys;.\Sys\SI\NVT) DEFINE(SCALER_TYPE=NT68857,NT68857_DEMO,FLASH_BANK=4,X_ADS,X215) PRINT(.\Lst\OD.lst) OBJECT(.\Bi
                    -n\ADS\AXI\104N\OD.obj)

line level    source

   1          /******************************************************************************/
   2          /*                       Novatek MicroElectronics Corp.                       */
   3          /*       6F, No. 1-2, Innovation Road I, Science-Based Industrial Park,       */
   4          /*                         HsinChu 300, Taiwan, R.O.C.                        */
   5          /*                 TEL:886-3-567-0889       FAX:886-3-577-0132                */
   6          /*                            All Rights Reserved                             */
   7          /******************************************************************************/
   8          
   9          //******************************************************************************
  10          // I N C L U D E   F I L E S
  11          //******************************************************************************
  12          #include "Include.h"
  13          
  14          #if ENABLE_OD == ON
              
              #include "ODData.c"
              
              //******************************************************************************
              // M A C R O   D E F I N I T I O N S
              //******************************************************************************
              
              //******************************************************************************
              // S T A T I C   V A R I A B L E S
              //******************************************************************************
              
              //******************************************************************************
              // G L O B A L   V A R I A B L E S
              //******************************************************************************
              
              //******************************************************************************
              // S T A T I C   V A R I A B L E S
              //******************************************************************************
                  
              //******************************************************************************
              // E X T E R N A L   V A R I A B L E   P R O T O T Y P E S
              //******************************************************************************
              
              //******************************************************************************
              // S T A T I C   F U N C T I O N   P R O T O T Y P E S
              //******************************************************************************
              
              //******************************************************************************
              // E X T E R N A L   F U N C T I O N   P R O T O T Y P E S
              //******************************************************************************
              
              //******************************************************************************
              // Prototype: 
              //  void SetODMode(UCHAR mode)
              // Parameters:
              //  mode    : OD mode
              // Return:
              //  None
C51 COMPILER V8.02   OD                                                                    08/07/2015 16:22:30 PAGE 2   

              // Purpose:
              //  Set OD mode
              // Notes:
              //  None
              //******************************************************************************
              void SetODMode(UCHAR mode)
              {
                  static UCHAR od_mode = 0xFF;
              
                  if ((od_mode != mode) || ODAPI_IsODReset()) {
                      ODAPI_LoadOD(ODTable[mode]);
                      od_mode = mode;
                  }
                  ODAPI_EnableOD();
              }
              
              
              #endif //#if ENABLE_OD == ON
  71          
  72          void ForODCompilerCodePass(void)
  73          {
  74   1        code UCHAR temp[]={0x00};
  75   1        UCHAR i;
  76   1        i = temp[0];
  77   1      }
  78          


MODULE INFORMATION:   STATIC OVERLAYABLE
   CODE SIZE        =     10    ----
   CONSTANT SIZE    =      1    ----
   XDATA SIZE       =      6       1
   PDATA SIZE       =   ----    ----
   DATA SIZE        =   ----    ----
   IDATA SIZE       =   ----    ----
   BIT SIZE         =   ----    ----
END OF MODULE INFORMATION.


C51 COMPILATION COMPLETE.  0 WARNING(S),  0 ERROR(S)
