C51 COMPILER V7.50   SCALERACCESS                                                          11/16/2016 14:31:21 PAGE 1   


C51 COMPILER V7.50, COMPILATION OF MODULE SCALERACCESS
OBJECT MODULE PLACED IN .\Bin\ScalerAccess.obj
COMPILER INVOKED BY: C:\Keil\C51\BIN\C51.EXE Lib\ScalerAccess.c LARGE OPTIMIZE(9,SPEED) BROWSE INCDIR(.\App;.\App\OSD;.\
                    -App\User;.\Lib;.\Lib\NT68655_770_850 Series;.\Lib\ScalerCfg;.\Phy\Panel;.\Phy\SI\NVT\Board;.\Phy\SI\NVT\Component;.\Phy\
                    -SI\NVT\Keypad;.\Sys;.\Sys\SI\NVT;.\Phy\SI\NVT\Keypad\NT68857_MODULE_KEYPAD) DEFINE(SCALER_TYPE=NT68857,NT68857_MODULE,NV
                    -T_1920X1080,FLASH_BANK=4) PRINT(.\Lst\ScalerAccess.lst) OBJECT(.\Bin\ScalerAccess.obj)

line level    source

   1          /******************************************************************************/
   2          /*                       Novatek MicroElectronics Corp.                       */
   3          /*       6F, No. 1-2, Innovation Road I, Science-Based Industrial Park,       */
   4          /*                         HsinChu 300, Taiwan, R.O.C.                        */
   5          /*                 TEL:886-3-567-0889       FAX:886-3-577-0132                */
   6          /*                            All Rights Reserved                             */
   7          /******************************************************************************/
   8          
   9          //******************************************************************************
  10          // I N C L U D E   F I L E S
  11          //******************************************************************************
  12          #include "Include.h"
*** WARNING C318 IN LINE 254 OF .\SYS\SI\NVT\MODELCFG.H: can't open file 'NT68857_MODULE\ModelConfig.h'
*** WARNING C318 IN LINE 255 OF .\SYS\SI\NVT\MODELCFG.H: can't open file 'NT68857_MODULE\GlobalTimerDef.h'
*** WARNING C318 IN LINE 256 OF .\SYS\SI\NVT\MODELCFG.H: can't open file 'NT68857_MODULE\NonSupportTimingList.h'
*** WARNING C318 IN LINE 257 OF .\SYS\SI\NVT\MODELCFG.H: can't open file 'NT68857_MODULE\OSDConfig.h'
*** WARNING C318 IN LINE 258 OF .\SYS\SI\NVT\MODELCFG.H: can't open file 'NT68857_MODULE\SRConfig.h'
*** WARNING C322 IN LINE 11 OF \USERS\COBB.CHEN\DESKTOP\AD908\04_CODE_P6121_V100_160902-OK\CODE_P6121_V100_161116\SOURCE
             -CODE\SYS\SI\NVT\MODELVERIFICATION.H: unknown identifier
*** WARNING C322 IN LINE 11 OF \USERS\COBB.CHEN\DESKTOP\AD908\04_CODE_P6121_V100_160902-OK\CODE_P6121_V100_161116\SOURCE
             -CODE\SYS\SI\NVT\MODELVERIFICATION.H: unknown identifier
*** WARNING C322 IN LINE 15 OF \USERS\COBB.CHEN\DESKTOP\AD908\04_CODE_P6121_V100_160902-OK\CODE_P6121_V100_161116\SOURCE
             -CODE\SYS\SI\NVT\MODELVERIFICATION.H: unknown identifier
*** WARNING C322 IN LINE 26 OF \USERS\COBB.CHEN\DESKTOP\AD908\04_CODE_P6121_V100_160902-OK\CODE_P6121_V100_161116\SOURCE
             -CODE\SYS\SI\NVT\MODELVERIFICATION.H: unknown identifier
*** WARNING C322 IN LINE 33 OF \USERS\COBB.CHEN\DESKTOP\AD908\04_CODE_P6121_V100_160902-OK\CODE_P6121_V100_161116\SOURCE
             -CODE\SYS\SI\NVT\MODELVERIFICATION.H: unknown identifier
*** WARNING C322 IN LINE 33 OF \USERS\COBB.CHEN\DESKTOP\AD908\04_CODE_P6121_V100_160902-OK\CODE_P6121_V100_161116\SOURCE
             -CODE\SYS\SI\NVT\MODELVERIFICATION.H: unknown identifier
*** WARNING C322 IN LINE 33 OF \USERS\COBB.CHEN\DESKTOP\AD908\04_CODE_P6121_V100_160902-OK\CODE_P6121_V100_161116\SOURCE
             -CODE\SYS\SI\NVT\MODELVERIFICATION.H: unknown identifier
*** WARNING C322 IN LINE 40 OF \USERS\COBB.CHEN\DESKTOP\AD908\04_CODE_P6121_V100_160902-OK\CODE_P6121_V100_161116\SOURCE
             -CODE\SYS\SI\NVT\MODELVERIFICATION.H: unknown identifier
*** WARNING C322 IN LINE 47 OF \USERS\COBB.CHEN\DESKTOP\AD908\04_CODE_P6121_V100_160902-OK\CODE_P6121_V100_161116\SOURCE
             -CODE\SYS\SI\NVT\MODELVERIFICATION.H: unknown identifier
*** WARNING C322 IN LINE 54 OF \USERS\COBB.CHEN\DESKTOP\AD908\04_CODE_P6121_V100_160902-OK\CODE_P6121_V100_161116\SOURCE
             -CODE\SYS\SI\NVT\MODELVERIFICATION.H: unknown identifier
*** WARNING C322 IN LINE 61 OF \USERS\COBB.CHEN\DESKTOP\AD908\04_CODE_P6121_V100_160902-OK\CODE_P6121_V100_161116\SOURCE
             -CODE\SYS\SI\NVT\MODELVERIFICATION.H: unknown identifier
*** WARNING C322 IN LINE 68 OF \USERS\COBB.CHEN\DESKTOP\AD908\04_CODE_P6121_V100_160902-OK\CODE_P6121_V100_161116\SOURCE
             -CODE\SYS\SI\NVT\MODELVERIFICATION.H: unknown identifier
*** WARNING C322 IN LINE 75 OF \USERS\COBB.CHEN\DESKTOP\AD908\04_CODE_P6121_V100_160902-OK\CODE_P6121_V100_161116\SOURCE
             -CODE\SYS\SI\NVT\MODELVERIFICATION.H: unknown identifier
*** WARNING C322 IN LINE 82 OF \USERS\COBB.CHEN\DESKTOP\AD908\04_CODE_P6121_V100_160902-OK\CODE_P6121_V100_161116\SOURCE
             -CODE\SYS\SI\NVT\MODELVERIFICATION.H: unknown identifier
*** WARNING C322 IN LINE 89 OF \USERS\COBB.CHEN\DESKTOP\AD908\04_CODE_P6121_V100_160902-OK\CODE_P6121_V100_161116\SOURCE
             -CODE\SYS\SI\NVT\MODELVERIFICATION.H: unknown identifier
*** WARNING C322 IN LINE 96 OF \USERS\COBB.CHEN\DESKTOP\AD908\04_CODE_P6121_V100_160902-OK\CODE_P6121_V100_161116\SOURCE
             -CODE\SYS\SI\NVT\MODELVERIFICATION.H: unknown identifier
*** WARNING C322 IN LINE 103 OF \USERS\COBB.CHEN\DESKTOP\AD908\04_CODE_P6121_V100_160902-OK\CODE_P6121_V100_161116\SOURC
             -ECODE\SYS\SI\NVT\MODELVERIFICATION.H: unknown identifier
*** WARNING C322 IN LINE 110 OF \USERS\COBB.CHEN\DESKTOP\AD908\04_CODE_P6121_V100_160902-OK\CODE_P6121_V100_161116\SOURC
C51 COMPILER V7.50   SCALERACCESS                                                          11/16/2016 14:31:21 PAGE 2   

             -ECODE\SYS\SI\NVT\MODELVERIFICATION.H: unknown identifier
*** WARNING C322 IN LINE 117 OF \USERS\COBB.CHEN\DESKTOP\AD908\04_CODE_P6121_V100_160902-OK\CODE_P6121_V100_161116\SOURC
             -ECODE\SYS\SI\NVT\MODELVERIFICATION.H: unknown identifier
*** WARNING C322 IN LINE 124 OF \USERS\COBB.CHEN\DESKTOP\AD908\04_CODE_P6121_V100_160902-OK\CODE_P6121_V100_161116\SOURC
             -ECODE\SYS\SI\NVT\MODELVERIFICATION.H: unknown identifier
*** WARNING C322 IN LINE 131 OF \USERS\COBB.CHEN\DESKTOP\AD908\04_CODE_P6121_V100_160902-OK\CODE_P6121_V100_161116\SOURC
             -ECODE\SYS\SI\NVT\MODELVERIFICATION.H: unknown identifier
*** WARNING C322 IN LINE 140 OF \USERS\COBB.CHEN\DESKTOP\AD908\04_CODE_P6121_V100_160902-OK\CODE_P6121_V100_161116\SOURC
             -ECODE\SYS\SI\NVT\MODELVERIFICATION.H: unknown identifier
*** WARNING C322 IN LINE 147 OF \USERS\COBB.CHEN\DESKTOP\AD908\04_CODE_P6121_V100_160902-OK\CODE_P6121_V100_161116\SOURC
             -ECODE\SYS\SI\NVT\MODELVERIFICATION.H: unknown identifier
*** WARNING C322 IN LINE 154 OF \USERS\COBB.CHEN\DESKTOP\AD908\04_CODE_P6121_V100_160902-OK\CODE_P6121_V100_161116\SOURC
             -ECODE\SYS\SI\NVT\MODELVERIFICATION.H: unknown identifier
*** WARNING C322 IN LINE 161 OF \USERS\COBB.CHEN\DESKTOP\AD908\04_CODE_P6121_V100_160902-OK\CODE_P6121_V100_161116\SOURC
             -ECODE\SYS\SI\NVT\MODELVERIFICATION.H: unknown identifier
*** WARNING C322 IN LINE 168 OF \USERS\COBB.CHEN\DESKTOP\AD908\04_CODE_P6121_V100_160902-OK\CODE_P6121_V100_161116\SOURC
             -ECODE\SYS\SI\NVT\MODELVERIFICATION.H: unknown identifier
*** WARNING C322 IN LINE 175 OF \USERS\COBB.CHEN\DESKTOP\AD908\04_CODE_P6121_V100_160902-OK\CODE_P6121_V100_161116\SOURC
             -ECODE\SYS\SI\NVT\MODELVERIFICATION.H: unknown identifier
*** WARNING C322 IN LINE 187 OF \USERS\COBB.CHEN\DESKTOP\AD908\04_CODE_P6121_V100_160902-OK\CODE_P6121_V100_161116\SOURC
             -ECODE\SYS\SI\NVT\MODELVERIFICATION.H: unknown identifier
*** WARNING C322 IN LINE 194 OF \USERS\COBB.CHEN\DESKTOP\AD908\04_CODE_P6121_V100_160902-OK\CODE_P6121_V100_161116\SOURC
             -ECODE\SYS\SI\NVT\MODELVERIFICATION.H: unknown identifier
*** WARNING C322 IN LINE 201 OF \USERS\COBB.CHEN\DESKTOP\AD908\04_CODE_P6121_V100_160902-OK\CODE_P6121_V100_161116\SOURC
             -ECODE\SYS\SI\NVT\MODELVERIFICATION.H: unknown identifier
*** WARNING C322 IN LINE 208 OF \USERS\COBB.CHEN\DESKTOP\AD908\04_CODE_P6121_V100_160902-OK\CODE_P6121_V100_161116\SOURC
             -ECODE\SYS\SI\NVT\MODELVERIFICATION.H: unknown identifier
*** WARNING C322 IN LINE 215 OF \USERS\COBB.CHEN\DESKTOP\AD908\04_CODE_P6121_V100_160902-OK\CODE_P6121_V100_161116\SOURC
             -ECODE\SYS\SI\NVT\MODELVERIFICATION.H: unknown identifier
*** WARNING C322 IN LINE 222 OF \USERS\COBB.CHEN\DESKTOP\AD908\04_CODE_P6121_V100_160902-OK\CODE_P6121_V100_161116\SOURC
             -ECODE\SYS\SI\NVT\MODELVERIFICATION.H: unknown identifier
*** WARNING C322 IN LINE 229 OF \USERS\COBB.CHEN\DESKTOP\AD908\04_CODE_P6121_V100_160902-OK\CODE_P6121_V100_161116\SOURC
             -ECODE\SYS\SI\NVT\MODELVERIFICATION.H: unknown identifier
*** WARNING C322 IN LINE 236 OF \USERS\COBB.CHEN\DESKTOP\AD908\04_CODE_P6121_V100_160902-OK\CODE_P6121_V100_161116\SOURC
             -ECODE\SYS\SI\NVT\MODELVERIFICATION.H: unknown identifier
*** WARNING C322 IN LINE 243 OF \USERS\COBB.CHEN\DESKTOP\AD908\04_CODE_P6121_V100_160902-OK\CODE_P6121_V100_161116\SOURC
             -ECODE\SYS\SI\NVT\MODELVERIFICATION.H: unknown identifier
*** WARNING C322 IN LINE 250 OF \USERS\COBB.CHEN\DESKTOP\AD908\04_CODE_P6121_V100_160902-OK\CODE_P6121_V100_161116\SOURC
             -ECODE\SYS\SI\NVT\MODELVERIFICATION.H: unknown identifier
*** WARNING C322 IN LINE 259 OF \USERS\COBB.CHEN\DESKTOP\AD908\04_CODE_P6121_V100_160902-OK\CODE_P6121_V100_161116\SOURC
             -ECODE\SYS\SI\NVT\MODELVERIFICATION.H: unknown identifier
*** WARNING C322 IN LINE 266 OF \USERS\COBB.CHEN\DESKTOP\AD908\04_CODE_P6121_V100_160902-OK\CODE_P6121_V100_161116\SOURC
             -ECODE\SYS\SI\NVT\MODELVERIFICATION.H: unknown identifier
*** WARNING C322 IN LINE 273 OF \USERS\COBB.CHEN\DESKTOP\AD908\04_CODE_P6121_V100_160902-OK\CODE_P6121_V100_161116\SOURC
             -ECODE\SYS\SI\NVT\MODELVERIFICATION.H: unknown identifier
*** WARNING C322 IN LINE 280 OF \USERS\COBB.CHEN\DESKTOP\AD908\04_CODE_P6121_V100_160902-OK\CODE_P6121_V100_161116\SOURC
             -ECODE\SYS\SI\NVT\MODELVERIFICATION.H: unknown identifier
*** WARNING C322 IN LINE 287 OF \USERS\COBB.CHEN\DESKTOP\AD908\04_CODE_P6121_V100_160902-OK\CODE_P6121_V100_161116\SOURC
             -ECODE\SYS\SI\NVT\MODELVERIFICATION.H: unknown identifier
*** WARNING C322 IN LINE 294 OF \USERS\COBB.CHEN\DESKTOP\AD908\04_CODE_P6121_V100_160902-OK\CODE_P6121_V100_161116\SOURC
             -ECODE\SYS\SI\NVT\MODELVERIFICATION.H: unknown identifier
*** WARNING C322 IN LINE 301 OF \USERS\COBB.CHEN\DESKTOP\AD908\04_CODE_P6121_V100_160902-OK\CODE_P6121_V100_161116\SOURC
             -ECODE\SYS\SI\NVT\MODELVERIFICATION.H: unknown identifier
*** WARNING C322 IN LINE 308 OF \USERS\COBB.CHEN\DESKTOP\AD908\04_CODE_P6121_V100_160902-OK\CODE_P6121_V100_161116\SOURC
             -ECODE\SYS\SI\NVT\MODELVERIFICATION.H: unknown identifier
*** WARNING C322 IN LINE 315 OF \USERS\COBB.CHEN\DESKTOP\AD908\04_CODE_P6121_V100_160902-OK\CODE_P6121_V100_161116\SOURC
             -ECODE\SYS\SI\NVT\MODELVERIFICATION.H: unknown identifier
*** WARNING C322 IN LINE 322 OF \USERS\COBB.CHEN\DESKTOP\AD908\04_CODE_P6121_V100_160902-OK\CODE_P6121_V100_161116\SOURC
             -ECODE\SYS\SI\NVT\MODELVERIFICATION.H: unknown identifier
*** WARNING C322 IN LINE 329 OF \USERS\COBB.CHEN\DESKTOP\AD908\04_CODE_P6121_V100_160902-OK\CODE_P6121_V100_161116\SOURC
             -ECODE\SYS\SI\NVT\MODELVERIFICATION.H: unknown identifier
*** WARNING C322 IN LINE 336 OF \USERS\COBB.CHEN\DESKTOP\AD908\04_CODE_P6121_V100_160902-OK\CODE_P6121_V100_161116\SOURC
C51 COMPILER V7.50   SCALERACCESS                                                          11/16/2016 14:31:21 PAGE 3   

             -ECODE\SYS\SI\NVT\MODELVERIFICATION.H: unknown identifier
*** WARNING C322 IN LINE 343 OF \USERS\COBB.CHEN\DESKTOP\AD908\04_CODE_P6121_V100_160902-OK\CODE_P6121_V100_161116\SOURC
             -ECODE\SYS\SI\NVT\MODELVERIFICATION.H: unknown identifier
*** WARNING C322 IN LINE 350 OF \USERS\COBB.CHEN\DESKTOP\AD908\04_CODE_P6121_V100_160902-OK\CODE_P6121_V100_161116\SOURC
             -ECODE\SYS\SI\NVT\MODELVERIFICATION.H: unknown identifier
*** WARNING C322 IN LINE 360 OF \USERS\COBB.CHEN\DESKTOP\AD908\04_CODE_P6121_V100_160902-OK\CODE_P6121_V100_161116\SOURC
             -ECODE\SYS\SI\NVT\MODELVERIFICATION.H: unknown identifier
*** WARNING C322 IN LINE 367 OF \USERS\COBB.CHEN\DESKTOP\AD908\04_CODE_P6121_V100_160902-OK\CODE_P6121_V100_161116\SOURC
             -ECODE\SYS\SI\NVT\MODELVERIFICATION.H: unknown identifier
*** WARNING C322 IN LINE 374 OF \USERS\COBB.CHEN\DESKTOP\AD908\04_CODE_P6121_V100_160902-OK\CODE_P6121_V100_161116\SOURC
             -ECODE\SYS\SI\NVT\MODELVERIFICATION.H: unknown identifier
*** WARNING C322 IN LINE 381 OF \USERS\COBB.CHEN\DESKTOP\AD908\04_CODE_P6121_V100_160902-OK\CODE_P6121_V100_161116\SOURC
             -ECODE\SYS\SI\NVT\MODELVERIFICATION.H: unknown identifier
*** WARNING C322 IN LINE 388 OF \USERS\COBB.CHEN\DESKTOP\AD908\04_CODE_P6121_V100_160902-OK\CODE_P6121_V100_161116\SOURC
             -ECODE\SYS\SI\NVT\MODELVERIFICATION.H: unknown identifier
*** WARNING C322 IN LINE 395 OF \USERS\COBB.CHEN\DESKTOP\AD908\04_CODE_P6121_V100_160902-OK\CODE_P6121_V100_161116\SOURC
             -ECODE\SYS\SI\NVT\MODELVERIFICATION.H: unknown identifier
*** WARNING C322 IN LINE 402 OF \USERS\COBB.CHEN\DESKTOP\AD908\04_CODE_P6121_V100_160902-OK\CODE_P6121_V100_161116\SOURC
             -ECODE\SYS\SI\NVT\MODELVERIFICATION.H: unknown identifier
*** WARNING C322 IN LINE 409 OF \USERS\COBB.CHEN\DESKTOP\AD908\04_CODE_P6121_V100_160902-OK\CODE_P6121_V100_161116\SOURC
             -ECODE\SYS\SI\NVT\MODELVERIFICATION.H: unknown identifier
*** WARNING C322 IN LINE 419 OF \USERS\COBB.CHEN\DESKTOP\AD908\04_CODE_P6121_V100_160902-OK\CODE_P6121_V100_161116\SOURC
             -ECODE\SYS\SI\NVT\MODELVERIFICATION.H: unknown identifier
*** WARNING C322 IN LINE 426 OF \USERS\COBB.CHEN\DESKTOP\AD908\04_CODE_P6121_V100_160902-OK\CODE_P6121_V100_161116\SOURC
             -ECODE\SYS\SI\NVT\MODELVERIFICATION.H: unknown identifier
*** WARNING C322 IN LINE 438 OF \USERS\COBB.CHEN\DESKTOP\AD908\04_CODE_P6121_V100_160902-OK\CODE_P6121_V100_161116\SOURC
             -ECODE\SYS\SI\NVT\MODELVERIFICATION.H: unknown identifier
*** WARNING C322 IN LINE 442 OF \USERS\COBB.CHEN\DESKTOP\AD908\04_CODE_P6121_V100_160902-OK\CODE_P6121_V100_161116\SOURC
             -ECODE\SYS\SI\NVT\MODELVERIFICATION.H: unknown identifier
*** WARNING C322 IN LINE 452 OF \USERS\COBB.CHEN\DESKTOP\AD908\04_CODE_P6121_V100_160902-OK\CODE_P6121_V100_161116\SOURC
             -ECODE\SYS\SI\NVT\MODELVERIFICATION.H: unknown identifier
*** WARNING C322 IN LINE 460 OF \USERS\COBB.CHEN\DESKTOP\AD908\04_CODE_P6121_V100_160902-OK\CODE_P6121_V100_161116\SOURC
             -ECODE\SYS\SI\NVT\MODELVERIFICATION.H: unknown identifier
*** WARNING C322 IN LINE 17 OF .\PHY\SI\NVT\BOARD\BOARD.H: unknown identifier
*** WARNING C318 IN LINE 18 OF .\PHY\SI\NVT\BOARD\BOARD.H: can't open file 'NT68168_DEMO_BOARD\BoardConfig.h'
*** WARNING C322 IN LINE 11 OF \USERS\COBB.CHEN\DESKTOP\AD908\04_CODE_P6121_V100_160902-OK\CODE_P6121_V100_161116\SOURCE
             -CODE\PHY\SI\NVT\BOARD\BOARDVERIFY.H: unknown identifier
*** WARNING C322 IN LINE 11 OF \USERS\COBB.CHEN\DESKTOP\AD908\04_CODE_P6121_V100_160902-OK\CODE_P6121_V100_161116\SOURCE
             -CODE\PHY\SI\NVT\BOARD\BOARDVERIFY.H: unknown identifier
*** ERROR C202 IN LINE 74 OF LIB\INT.H: 'UART_TX_BUFFER_SIZE': undefined identifier
*** ERROR C136 IN LINE 74 OF LIB\INT.H: invalid dimension size: [0]
*** ERROR C202 IN LINE 75 OF LIB\INT.H: 'UART_RX_BUFFER_SIZE': undefined identifier
*** ERROR C136 IN LINE 75 OF LIB\INT.H: invalid dimension size: [0]
*** WARNING C322 IN LINE 127 OF LIB\INT.H: unknown identifier
*** WARNING C322 IN LINE 127 OF LIB\INT.H: unknown identifier
*** WARNING C322 IN LINE 127 OF LIB\INT.H: unknown identifier
*** WARNING C322 IN LINE 127 OF LIB\INT.H: unknown identifier
*** WARNING C322 IN LINE 132 OF LIB\INT.H: unknown identifier
*** WARNING C322 IN LINE 132 OF LIB\INT.H: unknown identifier
*** WARNING C322 IN LINE 16 OF .\PHY\SI\NVT\KEYPAD\KEYPAD.H: unknown identifier
*** WARNING C318 IN LINE 17 OF .\PHY\SI\NVT\KEYPAD\KEYPAD.H: can't open file 'NT68168_DEMO_KEYPAD\KeyPadConfig.h'
*** WARNING C322 IN LINE 42 OF \USERS\COBB.CHEN\DESKTOP\AD908\04_CODE_P6121_V100_160902-OK\CODE_P6121_V100_161116\SOURCE
             -CODE\LIB\NT68655_770_850 SERIES\SCALER_POWER.H: unknown identifier
*** WARNING C322 IN LINE 36 OF \USERS\COBB.CHEN\DESKTOP\AD908\04_CODE_P6121_V100_160902-OK\CODE_P6121_V100_161116\SOURCE
             -CODE\LIB\NT68655_770_850 SERIES\SCALER_PWM.H: unknown identifier
*** WARNING C322 IN LINE 227 OF .\SYS\NVRAM.H: unknown identifier
*** WARNING C322 IN LINE 103 OF .\APP\OSD\OSDCTRL.H: unknown identifier
*** WARNING C322 IN LINE 168 OF .\APP\OSD\OSDCTRL.H: unknown identifier
*** WARNING C322 IN LINE 505 OF .\APP\OSD\OSDCTRL.H: unknown identifier
*** WARNING C322 IN LINE 97 OF .\APP\OSD\OSDINDEX.H: unknown identifier
*** WARNING C322 IN LINE 66 OF .\APP\OSD\OSDVIEW.H: unknown identifier
*** WARNING C322 IN LINE 148 OF .\APP\OSD\OSDVIEW.H: unknown identifier
C51 COMPILER V7.50   SCALERACCESS                                                          11/16/2016 14:31:21 PAGE 4   

*** WARNING C322 IN LINE 320 OF .\APP\OSD\OSDVIEW.H: unknown identifier
*** WARNING C322 IN LINE 389 OF .\APP\OSD\OSDVIEW.H: unknown identifier
*** WARNING C322 IN LINE 475 OF .\APP\OSD\OSDVIEW.H: unknown identifier
*** ERROR C320 IN LINE 170 OF .\PHY\PANEL\PANEL.H: "Please choose one panel at least!"
*** WARNING C322 IN LINE 172 OF .\PHY\PANEL\PANEL.H: unknown identifier
*** WARNING C322 IN LINE 172 OF .\PHY\PANEL\PANEL.H: unknown identifier
*** WARNING C322 IN LINE 172 OF .\PHY\PANEL\PANEL.H: unknown identifier
*** WARNING C322 IN LINE 172 OF .\PHY\PANEL\PANEL.H: unknown identifier
*** ERROR C320 IN LINE 173 OF .\PHY\PANEL\PANEL.H: "Wrong PanelVTotal setting! Please review it!"
*** WARNING C322 IN LINE 56 OF .\SYS\SYNCHANDLER.H: unknown identifier
*** WARNING C322 IN LINE 56 OF .\SYS\SYNCHANDLER.H: unknown identifier
*** WARNING C322 IN LINE 47 OF .\SYS\SYSAPI.H: unknown identifier
*** WARNING C322 IN LINE 107 OF .\APP\INCLUDE.H: unknown identifier
*** WARNING C322 IN LINE 107 OF .\APP\INCLUDE.H: unknown identifier
*** WARNING C322 IN LINE 111 OF .\APP\INCLUDE.H: unknown identifier
  13          
  14          //******************************************************************************
  15          // M A C R O   D E F I N I T I O N S
  16          //******************************************************************************
  17          
  18          //******************************************************************************
  19          // G L O B A L   V A R I A B L E S
  20          //******************************************************************************
  21          
  22          //******************************************************************************
  23          // S T A T I C   V A R I A B L E S
  24          //******************************************************************************
  25          
  26          //******************************************************************************
  27          // E X T E R N A L   V A R I A B L E   P R O T O T Y P E S
  28          //******************************************************************************
  29          
  30          //******************************************************************************
  31          // S T A T I C   F U N C T I O N   P R O T O T Y P E S
  32          //******************************************************************************
  33          
  34          //******************************************************************************
  35          // E X T E R N A L   F U N C T I O N   P R O T O T Y P E S
  36          //******************************************************************************
  37          
  38          //******************************************************************************
  39          // F U N C T I O N   B O D Y S
  40          //******************************************************************************
  41          
  42          /**************************************************************************//**
  43           * Read 2-bytes from scaler register.
  44           * @return 2-bytes value.
  45           ******************************************************************************/
  46          USHRT ReadShortScaler(UCHAR *address)
  47          {
  48   1          UCHAR ch;
  49   1          USHRT value;
  50   1      
  51   1          ch = *address;
  52   1          address++;
  53   1          value = *address;
  54   1          value <<= 8;
  55   1          value |= ch;
  56   1      
  57   1          return value;
  58   1      }
  59          
C51 COMPILER V7.50   SCALERACCESS                                                          11/16/2016 14:31:21 PAGE 5   

  60          /**************************************************************************//**
  61           * Read 3-bytes from scaler register.
  62           * @return 3-bytes value.
  63           ******************************************************************************/
  64          ULONG Read3ByteScaler(UCHAR *address)
  65          {
  66   1          UCHAR ch;
  67   1          ULONG value;
  68   1      
  69   1          address += 2;
  70   1          value = *address;
  71   1          address--;
  72   1          ch = *address;
  73   1          value <<= 8;
  74   1          value |= ch;
  75   1          address--;
  76   1          ch = *address;
  77   1          value <<= 8;
  78   1          value |= ch;
  79   1      
  80   1          return value;
  81   1      }
  82          
  83          /**************************************************************************//**
  84           * Read 2-bytes from scaler register with filter.
  85           * @return 2-bytes value.
  86           ******************************************************************************/
  87          USHRT ReadShortScalerHighLowFilter(UCHAR *address)
  88          {
  89   1          USHRT value;
  90   1          UCHAR i=0;
  91   1          value = ReadShortScaler(address);
  92   1          while ((value != ReadShortScaler(address)) && (i < 5)) {
  93   2              value = ReadShortScaler(address);
  94   2              i++;
  95   2          }
  96   1          return value;
  97   1      }
  98          
  99          /**************************************************************************//**
 100           * Read 3-bytes from scaler register with filter.
 101           * @return 3-bytes value.
 102           ******************************************************************************/
 103          ULONG Read3ByteScalerHighLowFilter(UCHAR *address)
 104          {
 105   1          xdata ULONG value;
 106   1          xdata UCHAR i = 0;
 107   1          value = Read3ByteScaler(address);
 108   1          while ((value != Read3ByteScaler(address)) && (i < 5)) {
 109   2              value = Read3ByteScaler(address);
 110   2              i++;
 111   2          }
 112   1          return value;
 113   1      }
 114          
 115          /**************************************************************************//**
 116           * Write 2-bytes to scaler register.
 117           * @param address ID of scaler register.
 118           * @param value 2-bytes data.
 119           ******************************************************************************/
 120          void WriteShortScaler(UCHAR *address, USHRT value)
 121          {
C51 COMPILER V7.50   SCALERACCESS                                                          11/16/2016 14:31:21 PAGE 6   

 122   1          *address = (UCHAR) value;
 123   1          address++;
 124   1          *address = (UCHAR) (value>>8);
 125   1      }
 126          
 127          /**************************************************************************//**
 128           * Write 3-bytes to scaler register.
 129           * @param address ID of scaler register.
 130           * @param value 3-bytes data.
 131           ******************************************************************************/
 132          void Write3ByteScaler(UCHAR *address, ULONG value)
 133          {
 134   1          *address = (UCHAR)value;
 135   1          address++;
 136   1          *address = (UCHAR)(value >> 8);
 137   1          address++;
 138   1          *address = (UCHAR)(value >> 16);
 139   1      }
 140          
 141          /**************************************************************************//**
 142           * Write data to index port.
 143           * @param type Index port type.
 144           * @param offset Start address.
 145           * @param len Data size.
 146           * @param p Pointer to the data.
 147           ******************************************************************************/
 148          void WriteScalerIndexPort(UCHAR type, USHRT offset, USHRT len, UCHAR *p)
 149          {
 150   1          USHRT i;
 151   1          ResetWDTimer();
 152   1          SC_INDEX_CTRL = type;
 153   1          SC_INDEX_ADDR_LO = (UCHAR)offset;
 154   1          SC_INDEX_ADDR_HI = (UCHAR)(offset >> 8);
 155   1          for (i=0; i<len; i++) {
 156   2              SC_INDEX_DATA = p[i];
 157   2          }
 158   1          ResetWDTimer();          
 159   1      }
 160          
 161          #if ENABLE_OD_3D_MODE == ON
              /**************************************************************************//**
               * Write data to index port.
               * This function is available when ENABLE_OD_3D_MODE is enabled.
               * @param type Index port type.
               * @param offset Start address.
               * @param len Data size.
               * @param p Pointer to the data.
               ******************************************************************************/
              void WriteScalerIndexPort2(UCHAR type, USHRT offset, USHRT len, UCHAR *p)
              {
                  USHRT i;
              
                  SC_INDEX_CTRL = type;
                  SC_INDEX_ADDR_LO = (UCHAR)offset;
                  SC_INDEX_ADDR_HI = (UCHAR)(offset >> 8);
                  for (i=0; i<len; i++) {
                      SC_INDEX_DATA2 = p[i];
                  }
              }
              #endif

C51 COMPILATION COMPLETE.  104 WARNING(S),  6 ERROR(S)
